2023-08-03 17:26:29,602 [Worker-6: Loading available Gradle versions] INFO  o.e.b.c.i.u.g.PublishedGradleVersions - Gradle version information cache is up-to-date. Trying to read.
2023-08-03 17:26:42,934 [Worker-11: Update Maven projects configuration] INFO  o.e.m.c.i.p.ProjectConfigurationManager - Update started
2023-08-03 17:26:43,730 [Worker-11: Update Maven projects configuration] INFO  o.e.m.c.i.l.LifecycleMappingFactory - Using org.eclipse.m2e.jdt.JarLifecycleMapping lifecycle mapping for MavenProject: com.example:freshgrub-registration:0.0.1-SNAPSHOT @ C:\Users\nish4\Documents\target\FreshGrub_App\upcurve-fresh-grub-signup_login\upcurve-fresh-grub-signup_login\freshgrub-registration\pom.xml.
2023-08-03 17:26:44,947 [Worker-11: Update Maven projects configuration] INFO  o.e.m.j.i.AbstractJavaProjectConfigurator - Adding source folder /freshgrub-registration/src/main/java
2023-08-03 17:26:44,948 [Worker-11: Update Maven projects configuration] INFO  o.e.m.j.i.AbstractJavaProjectConfigurator - Adding resource folder /freshgrub-registration/src/main/resources
2023-08-03 17:26:44,955 [Worker-11: Update Maven projects configuration] INFO  o.e.m.j.i.AbstractJavaProjectConfigurator - Adding resource folder /freshgrub-registration/src/main/resources
2023-08-03 17:26:44,969 [Worker-11: Update Maven projects configuration] INFO  o.e.m.j.i.AbstractJavaProjectConfigurator - Adding source folder /freshgrub-registration/src/test/java
2023-08-03 17:26:45,410 [Worker-8: Building] INFO  o.a.m.s.f.DefaultMavenResourcesFiltering - Copying 1 resource from src\main\resources to target\classes
2023-08-03 17:26:45,430 [Worker-8: Building] INFO  o.a.m.s.f.DefaultMavenResourcesFiltering - Copying 0 resource from src\main\resources to target\classes
2023-08-03 17:26:45,434 [Worker-8: Building] INFO  o.a.m.s.f.DefaultMavenResourcesFiltering - skip non existing resourceDirectory C:\Users\nish4\Documents\target\FreshGrub_App\upcurve-fresh-grub-signup_login\upcurve-fresh-grub-signup_login\freshgrub-registration\src\test\resources
2023-08-03 17:26:46,602 [Worker-11: Update Maven projects configuration] INFO  o.e.m.c.i.p.ProjectConfigurationManager - Update completed for 1 poms: local refresh takes 0.00 sec, refresh facades takes 1.00 sec, update config takes 2.00 sec 
2023-08-03 17:26:47,362 [Worker-10: Building] INFO  o.a.m.s.f.DefaultMavenResourcesFiltering - Copying 1 resource from src\main\resources to target\classes
2023-08-03 17:26:47,364 [Worker-10: Building] INFO  o.a.m.s.f.DefaultMavenResourcesFiltering - Copying 0 resource from src\main\resources to target\classes
2023-08-03 17:26:47,369 [Worker-10: Building] INFO  o.a.m.s.f.DefaultMavenResourcesFiltering - skip non existing resourceDirectory C:\Users\nish4\Documents\target\FreshGrub_App\upcurve-fresh-grub-signup_login\upcurve-fresh-grub-signup_login\freshgrub-registration\src\test\resources
2023-08-03 17:44:45,888 [Worker-10: Building] INFO  o.a.m.s.f.DefaultMavenResourcesFiltering - Copying 1 resource from src\main\resources to target\classes
2023-08-03 17:44:45,895 [Worker-10: Building] INFO  o.a.m.s.f.DefaultMavenResourcesFiltering - Copying 0 resource from src\main\resources to target\classes
2023-08-03 17:44:45,900 [Worker-10: Building] INFO  o.a.m.s.f.DefaultMavenResourcesFiltering - skip non existing resourceDirectory C:\Users\nish4\Documents\target\FreshGrub_App\upcurve-fresh-grub-signup_login\upcurve-fresh-grub-signup_login\freshgrub-registration\src\test\resources
2023-08-03 17:46:25,963 [Worker-4: Launching freshgrub-registration - FreshgrubRegistrationApplication] INFO  o.a.m.s.f.DefaultMavenResourcesFiltering - Copying 1 resource from src\main\resources to target\classes
2023-08-03 17:46:25,984 [Worker-4: Launching freshgrub-registration - FreshgrubRegistrationApplication] INFO  o.a.m.s.f.DefaultMavenResourcesFiltering - Copying 0 resource from src\main\resources to target\classes
2023-08-03 17:46:25,989 [Worker-4: Launching freshgrub-registration - FreshgrubRegistrationApplication] INFO  o.a.m.s.f.DefaultMavenResourcesFiltering - skip non existing resourceDirectory C:\Users\nish4\Documents\target\FreshGrub_App\upcurve-fresh-grub-signup_login\upcurve-fresh-grub-signup_login\freshgrub-registration\src\test\resources
2023-08-03 17:48:55,773 [Worker-21: Building] INFO  o.a.m.s.f.DefaultMavenResourcesFiltering - Copying 1 resource from src\main\resources to target\classes
2023-08-03 17:48:55,813 [Worker-21: Building] INFO  o.a.m.s.f.DefaultMavenResourcesFiltering - Copying 0 resource from src\main\resources to target\classes
2023-08-03 17:48:55,817 [Worker-21: Building] INFO  o.a.m.s.f.DefaultMavenResourcesFiltering - skip non existing resourceDirectory C:\Users\nish4\Documents\target\FreshGrub_App\upcurve-fresh-grub-signup_login\upcurve-fresh-grub-signup_login\freshgrub-registration\src\test\resources
2023-08-03 17:55:20,057 [Worker-25: Building] INFO  o.a.m.s.f.DefaultMavenResourcesFiltering - Copying 1 resource from src\main\resources to target\classes
2023-08-03 17:55:20,073 [Worker-25: Building] INFO  o.a.m.s.f.DefaultMavenResourcesFiltering - Copying 0 resource from src\main\resources to target\classes
2023-08-03 17:55:20,075 [Worker-25: Building] INFO  o.a.m.s.f.DefaultMavenResourcesFiltering - skip non existing resourceDirectory C:\Users\nish4\Documents\target\FreshGrub_App\upcurve-fresh-grub-signup_login\upcurve-fresh-grub-signup_login\freshgrub-registration\src\test\resources
2023-08-04 15:20:44,865 [Worker-2: Loading available Gradle versions] INFO  o.e.b.c.i.u.g.PublishedGradleVersions - Gradle version information cache is up-to-date. Trying to read.
2023-08-04 15:30:31,374 [Worker-15: Building] INFO  o.a.m.s.f.DefaultMavenResourcesFiltering - Copying 1 resource from src\main\resources to target\classes
2023-08-04 15:30:31,442 [Worker-15: Building] INFO  o.a.m.s.f.DefaultMavenResourcesFiltering - Copying 0 resource from src\main\resources to target\classes
2023-08-04 15:30:31,447 [Worker-15: Building] INFO  o.a.m.s.f.DefaultMavenResourcesFiltering - skip non existing resourceDirectory C:\Users\nish4\Documents\target\FreshGrub_App\upcurve-fresh-grub-signup_login\upcurve-fresh-grub-signup_login\freshgrub-registration\src\test\resources
2023-08-04 15:32:06,339 [Worker-0: Building] INFO  o.a.m.s.f.DefaultMavenResourcesFiltering - Copying 1 resource from src\main\resources to target\classes
2023-08-04 15:32:06,354 [Worker-0: Building] INFO  o.a.m.s.f.DefaultMavenResourcesFiltering - Copying 0 resource from src\main\resources to target\classes
2023-08-04 15:32:06,358 [Worker-0: Building] INFO  o.a.m.s.f.DefaultMavenResourcesFiltering - skip non existing resourceDirectory C:\Users\nish4\Documents\target\FreshGrub_App\upcurve-fresh-grub-signup_login\upcurve-fresh-grub-signup_login\freshgrub-registration\src\test\resources
2023-08-04 15:32:13,829 [Worker-15: Building] INFO  o.a.m.s.f.DefaultMavenResourcesFiltering - Copying 1 resource from src\main\resources to target\classes
2023-08-04 15:32:13,888 [Worker-15: Building] INFO  o.a.m.s.f.DefaultMavenResourcesFiltering - Copying 0 resource from src\main\resources to target\classes
2023-08-04 15:32:13,891 [Worker-15: Building] INFO  o.a.m.s.f.DefaultMavenResourcesFiltering - skip non existing resourceDirectory C:\Users\nish4\Documents\target\FreshGrub_App\upcurve-fresh-grub-signup_login\upcurve-fresh-grub-signup_login\freshgrub-registration\src\test\resources
2023-08-04 15:32:18,897 [Worker-0: Building] INFO  o.a.m.s.f.DefaultMavenResourcesFiltering - Copying 1 resource from src\main\resources to target\classes
2023-08-04 15:32:18,915 [Worker-0: Building] INFO  o.a.m.s.f.DefaultMavenResourcesFiltering - Copying 0 resource from src\main\resources to target\classes
2023-08-04 15:32:18,918 [Worker-0: Building] INFO  o.a.m.s.f.DefaultMavenResourcesFiltering - skip non existing resourceDirectory C:\Users\nish4\Documents\target\FreshGrub_App\upcurve-fresh-grub-signup_login\upcurve-fresh-grub-signup_login\freshgrub-registration\src\test\resources
2023-08-04 15:33:07,587 [Worker-14: Building] INFO  o.a.m.s.f.DefaultMavenResourcesFiltering - Copying 1 resource from src\main\resources to target\classes
2023-08-04 15:33:07,589 [Worker-14: Building] INFO  o.a.m.s.f.DefaultMavenResourcesFiltering - Copying 0 resource from src\main\resources to target\classes
2023-08-04 15:33:07,592 [Worker-14: Building] INFO  o.a.m.s.f.DefaultMavenResourcesFiltering - skip non existing resourceDirectory C:\Users\nish4\Documents\target\FreshGrub_App\upcurve-fresh-grub-signup_login\upcurve-fresh-grub-signup_login\freshgrub-registration\src\test\resources
2023-08-04 15:37:13,968 [Worker-9: Building] INFO  o.a.m.s.f.DefaultMavenResourcesFiltering - Copying 1 resource from src\main\resources to target\classes
2023-08-04 15:37:13,976 [Worker-9: Building] INFO  o.a.m.s.f.DefaultMavenResourcesFiltering - Copying 0 resource from src\main\resources to target\classes
2023-08-04 15:37:13,982 [Worker-9: Building] INFO  o.a.m.s.f.DefaultMavenResourcesFiltering - skip non existing resourceDirectory C:\Users\nish4\Documents\target\FreshGrub_App\upcurve-fresh-grub-signup_login\upcurve-fresh-grub-signup_login\freshgrub-registration\src\test\resources
2023-08-04 15:38:14,321 [Worker-18: Building] INFO  o.a.m.s.f.DefaultMavenResourcesFiltering - Copying 1 resource from src\main\resources to target\classes
2023-08-04 15:38:14,328 [Worker-18: Building] INFO  o.a.m.s.f.DefaultMavenResourcesFiltering - Copying 0 resource from src\main\resources to target\classes
2023-08-04 15:38:14,332 [Worker-18: Building] INFO  o.a.m.s.f.DefaultMavenResourcesFiltering - skip non existing resourceDirectory C:\Users\nish4\Documents\target\FreshGrub_App\upcurve-fresh-grub-signup_login\upcurve-fresh-grub-signup_login\freshgrub-registration\src\test\resources
2023-08-04 15:38:43,296 [Worker-16: Building] INFO  o.a.m.s.f.DefaultMavenResourcesFiltering - Copying 1 resource from src\main\resources to target\classes
2023-08-04 15:38:43,305 [Worker-16: Building] INFO  o.a.m.s.f.DefaultMavenResourcesFiltering - Copying 0 resource from src\main\resources to target\classes
2023-08-04 15:38:43,311 [Worker-16: Building] INFO  o.a.m.s.f.DefaultMavenResourcesFiltering - skip non existing resourceDirectory C:\Users\nish4\Documents\target\FreshGrub_App\upcurve-fresh-grub-signup_login\upcurve-fresh-grub-signup_login\freshgrub-registration\src\test\resources
2023-08-04 15:39:08,417 [Worker-9: Building] INFO  o.a.m.s.f.DefaultMavenResourcesFiltering - Copying 1 resource from src\main\resources to target\classes
2023-08-04 15:39:08,420 [Worker-9: Building] INFO  o.a.m.s.f.DefaultMavenResourcesFiltering - Copying 0 resource from src\main\resources to target\classes
2023-08-04 15:39:08,424 [Worker-9: Building] INFO  o.a.m.s.f.DefaultMavenResourcesFiltering - skip non existing resourceDirectory C:\Users\nish4\Documents\target\FreshGrub_App\upcurve-fresh-grub-signup_login\upcurve-fresh-grub-signup_login\freshgrub-registration\src\test\resources
2023-08-04 15:48:51,230 [Worker-27: Building] INFO  o.a.m.s.f.DefaultMavenResourcesFiltering - Copying 1 resource from src\main\resources to target\classes
2023-08-04 15:48:51,235 [Worker-27: Building] INFO  o.a.m.s.f.DefaultMavenResourcesFiltering - Copying 0 resource from src\main\resources to target\classes
2023-08-04 15:48:51,239 [Worker-27: Building] INFO  o.a.m.s.f.DefaultMavenResourcesFiltering - skip non existing resourceDirectory C:\Users\nish4\Documents\target\FreshGrub_App\upcurve-fresh-grub-signup_login\upcurve-fresh-grub-signup_login\freshgrub-registration\src\test\resources
2023-08-04 15:50:02,453 [Worker-19: Building] INFO  o.a.m.s.f.DefaultMavenResourcesFiltering - Copying 1 resource from src\main\resources to target\classes
2023-08-04 15:50:02,457 [Worker-19: Building] INFO  o.a.m.s.f.DefaultMavenResourcesFiltering - Copying 0 resource from src\main\resources to target\classes
2023-08-04 15:50:02,460 [Worker-19: Building] INFO  o.a.m.s.f.DefaultMavenResourcesFiltering - skip non existing resourceDirectory C:\Users\nish4\Documents\target\FreshGrub_App\upcurve-fresh-grub-signup_login\upcurve-fresh-grub-signup_login\freshgrub-registration\src\test\resources
2023-08-04 18:51:13,346 [Worker-38: Building] INFO  o.a.m.s.f.DefaultMavenResourcesFiltering - Copying 1 resource from src\main\resources to target\classes
2023-08-04 18:51:13,494 [Worker-38: Building] INFO  o.a.m.s.f.DefaultMavenResourcesFiltering - Copying 0 resource from src\main\resources to target\classes
2023-08-04 18:51:13,496 [Worker-38: Building] INFO  o.a.m.s.f.DefaultMavenResourcesFiltering - skip non existing resourceDirectory C:\Users\nish4\Documents\target\FreshGrub_App\upcurve-fresh-grub-signup_login\upcurve-fresh-grub-signup_login\freshgrub-registration\src\test\resources
2023-08-04 18:53:18,646 [Worker-42: Building] INFO  o.a.m.s.f.DefaultMavenResourcesFiltering - Copying 1 resource from src\main\resources to target\classes
2023-08-04 18:53:18,747 [Worker-42: Building] INFO  o.a.m.s.f.DefaultMavenResourcesFiltering - Copying 0 resource from src\main\resources to target\classes
2023-08-04 18:53:18,753 [Worker-42: Building] INFO  o.a.m.s.f.DefaultMavenResourcesFiltering - skip non existing resourceDirectory C:\Users\nish4\Documents\target\FreshGrub_App\upcurve-fresh-grub-signup_login\upcurve-fresh-grub-signup_login\freshgrub-registration\src\test\resources
2023-08-04 18:59:58,193 [Worker-41: Building] INFO  o.a.m.s.f.DefaultMavenResourcesFiltering - Copying 1 resource from src\main\resources to target\classes
2023-08-04 18:59:58,230 [Worker-41: Building] INFO  o.a.m.s.f.DefaultMavenResourcesFiltering - Copying 0 resource from src\main\resources to target\classes
2023-08-04 18:59:58,236 [Worker-41: Building] INFO  o.a.m.s.f.DefaultMavenResourcesFiltering - skip non existing resourceDirectory C:\Users\nish4\Documents\target\FreshGrub_App\upcurve-fresh-grub-signup_login\upcurve-fresh-grub-signup_login\freshgrub-registration\src\test\resources
2023-08-05 11:29:48,496 [Worker-4: Loading available Gradle versions] INFO  o.e.b.c.i.u.g.PublishedGradleVersions - Gradle version information cache is out-of-date. Trying to update.
